[    1014ms] [ERROR] ./src/components/order/ConfettiEffect.tsx:16:42
Module not found: Can't resolve 'canvas-confetti'
  14 |
  15 |         const fire = async () => {
> 16 |             const confettiModule = await import('canvas-confetti')
     |                                          ^
  17 |             const confetti = confettiModule.default
  18 |
  19 |             if (cancelled) return

https://nextjs.org/docs/messages/module-not-found

Import trace for requested module:
./src/components/order/OrderConfirmedExperience.tsx @ webpack-internal:///(app-pages-browser)/./node_modules/next/dist/client/app-index.js:32
[    1415ms] [ERROR] ./src/components/order/ConfettiEffect.tsx:16:42
Module not found: Can't resolve 'canvas-confetti'
  14 |
  15 |         const fire = async () => {
> 16 |             const confettiModule = await import('canvas-confetti')
     |                                          ^
  17 |             const confetti = confettiModule.default
  18 |
  19 |             if (cancelled) return

https://nextjs.org/docs/messages/module-not-found

Import trace for requested module:
./src/components/order/OrderConfirmedExperience.tsx @ webpack-internal:///(app-pages-browser)/./node_modules/next/dist/client/app-index.js:32
[    2093ms] [ERROR] ./src/components/order/ConfettiEffect.tsx:16:42
Module not found: Can't resolve 'canvas-confetti'
  14 |
  15 |         const fire = async () => {
> 16 |             const confettiModule = await import('canvas-confetti')
     |                                          ^
  17 |             const confetti = confettiModule.default
  18 |
  19 |             if (cancelled) return

https://nextjs.org/docs/messages/module-not-found

Import trace for requested module:
./src/components/order/OrderConfirmedExperience.tsx @ webpack-internal:///(app-pages-browser)/./node_modules/next/dist/client/app-index.js:32
[    5541ms] [ERROR] ./src/components/order/ConfettiEffect.tsx:16:42
Module not found: Can't resolve 'canvas-confetti'
  14 |
  15 |         const fire = async () => {
> 16 |             const confettiModule = await import('canvas-confetti')
     |                                          ^
  17 |             const confetti = confettiModule.default
  18 |
  19 |             if (cancelled) return

https://nextjs.org/docs/messages/module-not-found

Import trace for requested module:
./src/components/order/OrderConfirmedExperience.tsx @ webpack-internal:///(app-pages-browser)/./node_modules/next/dist/client/app-index.js:32
[    6937ms] [ERROR] ./src/components/order/ConfettiEffect.tsx:16:42
Module not found: Can't resolve 'canvas-confetti'
  14 |
  15 |         const fire = async () => {
> 16 |             const confettiModule = await import('canvas-confetti')
     |                                          ^
  17 |             const confetti = confettiModule.default
  18 |
  19 |             if (cancelled) return

https://nextjs.org/docs/messages/module-not-found

Import trace for requested module:
./src/components/order/OrderConfirmedExperience.tsx @ webpack-internal:///(app-pages-browser)/./node_modules/next/dist/client/app-index.js:32
[    7755ms] [ERROR] ./src/components/order/ConfettiEffect.tsx:16:42
Module not found: Can't resolve 'canvas-confetti'
  14 |
  15 |         const fire = async () => {
> 16 |             const confettiModule = await import('canvas-confetti')
     |                                          ^
  17 |             const confetti = confettiModule.default
  18 |
  19 |             if (cancelled) return

https://nextjs.org/docs/messages/module-not-found

Import trace for requested module:
./src/components/order/OrderConfirmedExperience.tsx @ webpack-internal:///(app-pages-browser)/./node_modules/next/dist/client/app-index.js:32
[    8268ms] [ERROR] ./src/components/order/ConfettiEffect.tsx:16:42
Module not found: Can't resolve 'canvas-confetti'
  14 |
  15 |         const fire = async () => {
> 16 |             const confettiModule = await import('canvas-confetti')
     |                                          ^
  17 |             const confetti = confettiModule.default
  18 |
  19 |             if (cancelled) return

https://nextjs.org/docs/messages/module-not-found

Import trace for requested module:
./src/components/order/OrderConfirmedExperience.tsx @ webpack-internal:///(app-pages-browser)/./node_modules/next/dist/client/app-index.js:32
[    8839ms] [ERROR] Failed to fetch RSC payload for http://localhost:3001/login?redirect=%2Fcheckout%2Fsuccess. Falling back to browser navigation. TypeError: Failed to fetch
    at fetchServerResponse (webpack-internal:///(app-pages-browser)/./node_modules/next/dist/client/components/router-reducer/fetch-server-response.js:59:27)
    at fastRefreshReducerImpl (webpack-internal:///(app-pages-browser)/./node_modules/next/dist/client/components/router-reducer/reducers/fast-refresh-reducer.js:33:67)
    at clientReducer (webpack-internal:///(app-pages-browser)/./node_modules/next/dist/client/components/router-reducer/router-reducer.js:41:67)
    at Object.action (webpack-internal:///(app-pages-browser)/./node_modules/next/dist/shared/lib/router/action-queue.js:150:55)
    at runAction (webpack-internal:///(app-pages-browser)/./node_modules/next/dist/shared/lib/router/action-queue.js:56:38)
    at dispatchAction (webpack-internal:///(app-pages-browser)/./node_modules/next/dist/shared/lib/router/action-queue.js:113:9)
    at Object.dispatch (webpack-internal:///(app-pages-browser)/./node_modules/next/dist/shared/lib/router/action-queue.js:145:40)
    at eval (webpack-internal:///(app-pages-browser)/./node_modules/next/dist/client/components/use-reducer-with-devtools.js:130:21)
    at eval (webpack-internal:///(app-pages-browser)/./node_modules/next/dist/client/components/app-router.js:304:25)
    at startTransition (webpack-internal:///(app-pages-browser)/./node_modules/next/dist/compiled/react/cjs/react.development.js:2597:25)
    at Object.fastRefresh (webpack-internal:///(app-pages-browser)/./node_modules/next/dist/client/components/app-router.js:303:48)
    at processMessage (webpack-internal:///(app-pages-browser)/./node_modules/next/dist/client/components/react-dev-overlay/app/hot-reloader-client.js:297:31)
    at WebSocket.handler (webpack-internal:///(app-pages-browser)/./node_modules/next/dist/client/components/react-dev-overlay/app/hot-reloader-client.js:395:17) @ webpack-internal:///(app-pages-browser)/./node_modules/next/dist/client/app-index.js:32
[    8845ms] [ERROR] Failed to load resource: the server responded with a status of 500 (Internal Server Error) @ http://localhost:3001/order-confirmed:0
[    9524ms] Error: Module not found: Can't resolve 'canvas-confetti'
  14 |
  15 |         const fire = async () => {
> 16 |             const confettiModule = await import('canvas-confetti')
     |                                          ^
  17 |             const confetti = confettiModule.default
  18 |
  19 |             if (cancelled) return

https://nextjs.org/docs/messages/module-not-found

Import trace for requested module:
./src/components/order/OrderConfirmedExperience.tsx
    at <unknown> (https://nextjs.org/docs/messages/module-not-found)
    at getNotFoundError (file://C:\Users\Sayan\Documents\GitHub\grolin-customer-web\node_modules\next\dist\build\webpack\plugins\wellknown-errors-plugin\parseNotFoundError.js:124:16)
    at process.processTicksAndRejections (node:internal/process/task_queues:103:5)
    at async getModuleBuildError (file://C:\Users\Sayan\Documents\GitHub\grolin-customer-web\node_modules\next\dist\build\webpack\plugins\wellknown-errors-plugin\webpackModuleError.js:104:27)
    at async (file://C:\Users\Sayan\Documents\GitHub\grolin-customer-web\node_modules\next\dist\build\webpack\plugins\wellknown-errors-plugin\index.js:29:49)
    at async (file://C:\Users\Sayan\Documents\GitHub\grolin-customer-web\node_modules\next\dist\build\webpack\plugins\wellknown-errors-plugin\index.js:27:21)
[    9523ms] [ERROR] ./src/components/order/ConfettiEffect.tsx:16:42
Module not found: Can't resolve 'canvas-confetti'
  14 |
  15 |         const fire = async () => {
> 16 |             const confettiModule = await import('canvas-confetti')
     |                                          ^
  17 |             const confetti = confettiModule.default
  18 |
  19 |             if (cancelled) return

https://nextjs.org/docs/messages/module-not-found

Import trace for requested module:
./src/components/order/OrderConfirmedExperience.tsx @ webpack-internal:///./node_modules/next/dist/client/components/react-dev-overlay/internal/helpers/hydration-error-info.js:62
