[     116ms] [ERROR] Failed to load resource: the server responded with a status of 500 (Internal Server Error) @ http://localhost:3001/login?redirect=%2Forders:0
[     484ms] Error: Module not found: Can't resolve 'canvas-confetti'
  14 |
  15 |         const fire = async () => {
> 16 |             const confettiModule = await import('canvas-confetti')
     |                                          ^
  17 |             const confetti = confettiModule.default
  18 |
  19 |             if (cancelled) return

https://nextjs.org/docs/messages/module-not-found

Import trace for requested module:
./src/components/order/OrderConfirmedExperience.tsx
    at <unknown> (https://nextjs.org/docs/messages/module-not-found)
    at getNotFoundError (file://C:\Users\Sayan\Documents\GitHub\grolin-customer-web\node_modules\next\dist\build\webpack\plugins\wellknown-errors-plugin\parseNotFoundError.js:124:16)
    at process.processTicksAndRejections (node:internal/process/task_queues:103:5)
    at async getModuleBuildError (file://C:\Users\Sayan\Documents\GitHub\grolin-customer-web\node_modules\next\dist\build\webpack\plugins\wellknown-errors-plugin\webpackModuleError.js:104:27)
    at async (file://C:\Users\Sayan\Documents\GitHub\grolin-customer-web\node_modules\next\dist\build\webpack\plugins\wellknown-errors-plugin\index.js:29:49)
    at async (file://C:\Users\Sayan\Documents\GitHub\grolin-customer-web\node_modules\next\dist\build\webpack\plugins\wellknown-errors-plugin\index.js:27:21)
[     472ms] [ERROR] ./src/components/order/ConfettiEffect.tsx:16:42
Module not found: Can't resolve 'canvas-confetti'
  14 |
  15 |         const fire = async () => {
> 16 |             const confettiModule = await import('canvas-confetti')
     |                                          ^
  17 |             const confetti = confettiModule.default
  18 |
  19 |             if (cancelled) return

https://nextjs.org/docs/messages/module-not-found

Import trace for requested module:
./src/components/order/OrderConfirmedExperience.tsx @ webpack-internal:///./node_modules/next/dist/client/components/react-dev-overlay/internal/helpers/hydration-error-info.js:62
