[     503ms] [INFO] %cDownload the React DevTools for a better development experience: https://reactjs.org/link/react-devtools font-weight:bold @ webpack-internal:///(app-pages-browser)/./node_modules/next/dist/compiled/react-dom/cjs/react-dom.development.js:38559
[     656ms] [ERROR] Warning: Prop `%s` did not match. Server: %s Client: %s%s style "width:3.287204606003027px;height:3.268417404001785px;left:49.05457018726224%;top:67.36907094818542%;background:#A78BFA;opacity:0.2738999215809776;filter:blur(1.6277905565568362px);animation:hero-float-0 11.226892864537488s ease-in-out infinite;animation-delay:2.8429652506791587s" "width:5.369818588256155px;height:5.61361884373223px;left:44.62225566854642%;top:80.24861223056259%;background:#A78BFA;opacity:0.25153014302515325;filter:blur(1.188805225382374px);animation:hero-float-0 8.042410212834069s ease-in-out infinite;animation-delay:3.7358578254350405s" 
    at div
    at div
    at FloatingParticles (webpack-internal:///(app-pages-browser)/./src/components/home/HeroLayered.tsx:80:11)
    at article
    at CinematicSlide (webpack-internal:///(app-pages-browser)/./src/components/home/HeroLayered.tsx:192:11)
    at div
    at div
    at section
    at HeroLayered (webpack-internal:///(app-pages-browser)/./src/components/home/HeroLayered.tsx:524:11)
    at div
    at HomePage (webpack-internal:///(app-pages-browser)/./src/app/(shop)/page.tsx:314:104)
    at ClientPageRoot (webpack-internal:///(app-pages-browser)/./node_modules/next/dist/client/components/client-page.js:14:11)
    at InnerLayoutRouter (webpack-internal:///(app-pages-browser)/./node_modules/next/dist/client/components/layout-router.js:243:11)
    at RedirectErrorBoundary (webpack-internal:///(app-pages-browser)/./node_modules/next/dist/client/components/redirect-boundary.js:74:9)
    at RedirectBoundary (webpack-internal:///(app-pages-browser)/./node_modules/next/dist/client/components/redirect-boundary.js:82:11)
    at NotFoundErrorBoundary (webpack-internal:///(app-pages-browser)/./node_modules/next/dist/client/components/not-found-boundary.js:76:9)
    at NotFoundBoundary (webpack-internal:///(app-pages-browser)/./node_modules/next/dist/client/components/not-found-boundary.js:84:11)
    at Suspense
    at LoadingBoundary (webpack-internal:///(app-pages-browser)/./node_modules/next/dist/client/components/layout-router.js:349:11)
    at ErrorBoundaryHandler (webpack-internal:///(app-pages-browser)/./node_modules/next/dist/client/components/error-boundary.js:113:9)
    at ErrorBoundary (webpack-internal:///(app-pages-browser)/./node_modules/next/dist/client/components/error-boundary.js:160:11)
    at InnerScrollAndFocusHandler (webpack-internal:///(app-pages-browser)/./node_modules/next/dist/client/components/layout-router.js:153:9)
    at ScrollAndFocusHandler (webpack-internal:///(app-pages-browser)/./node_modules/next/dist/client/components/layout-router.js:228:11)
    at RenderFromTemplateContext (webpack-internal:///(app-pages-browser)/./node_modules/next/dist/client/components/render-from-template-context.js:16:44)
    at OuterLayoutRouter (webpack-internal:///(app-pages-browser)/./node_modules/next/dist/client/components/layout-router.js:370:11)
    at ErrorBoundary (webpack-internal:///(app-pages-browser)/./src/components/shared/ErrorBoundary.tsx:90:9)
    at main
    at div
    at div
    at div
    at ShopLayout (webpack-internal:///(app-pages-browser)/./src/app/(shop)/layout.tsx:19:11)
    at InnerLayoutRouter (webpack-internal:///(app-pages-browser)/./node_modules/next/dist/client/components/layout-router.js:243:11)
    at RedirectErrorBoundary (webpack-internal:///(app-pages-browser)/./node_modules/next/dist/client/components/redirect-boundary.js:74:9)
    at RedirectBoundary (webpack-internal:///(app-pages-browser)/./node_modules/next/dist/client/components/redirect-boundary.js:82:11)
    at NotFoundErrorBoundary (webpack-internal:///(app-pages-browser)/./node_modules/next/dist/client/components/not-found-boundary.js:76:9)
    at NotFoundBoundary (webpack-internal:///(app-pages-browser)/./node_modules/next/dist/client/components/not-found-boundary.js:84:11)
    at LoadingBoundary (webpack-internal:///(app-pages-browser)/./node_modules/next/dist/client/components/layout-router.js:349:11)
    at ErrorBoundary (webpack-internal:///(app-pages-browser)/./node_modules/next/dist/client/components/error-boundary.js:160:11)
    at InnerScrollAndFocusHandler (webpack-internal:///(app-pages-browser)/./node_modules/next/dist/client/components/layout-router.js:153:9)
    at ScrollAndFocusHandler (webpack-internal:///(app-pages-browser)/./node_modules/next/dist/client/components/layout-router.js:228:11)
    at RenderFromTemplateContext (webpack-internal:///(app-pages-browser)/./node_modules/next/dist/client/components/render-from-template-context.js:16:44)
    at OuterLayoutRouter (webpack-internal:///(app-pages-browser)/./node_modules/next/dist/client/components/layout-router.js:370:11)
    at div
    at ShopThemeProvider (webpack-internal:///(app-pages-browser)/./src/components/theme/ShopThemeProvider.tsx:17:11)
    at SocketProvider (webpack-internal:///(app-pages-browser)/./src/providers/SocketProvider.tsx:18:11)
    at AuthProvider (webpack-internal:///(app-pages-browser)/./src/providers/AuthProvider.tsx:16:11)
    at QueryClientProvider (webpack-internal:///(app-pages-browser)/./node_modules/@tanstack/react-query/build/modern/QueryClientProvider.js:27:11)
    at QueryProvider (webpack-internal:///(app-pages-browser)/./src/providers/QueryProvider.tsx:19:11)
    at Providers (webpack-internal:///(app-pages-browser)/./src/providers/Providers.tsx:18:11)
    at LazyMotion (webpack-internal:///(app-pages-browser)/./node_modules/framer-motion/dist/es/components/LazyMotion/index.mjs:49:11)
    at MotionProvider (webpack-internal:///(app-pages-browser)/./src/components/ui/MotionProvider.tsx:11:11)
    at body
    at html
    at RootLayout (Server)
    at RedirectErrorBoundary (webpack-internal:///(app-pages-browser)/./node_modules/next/dist/client/components/redirect-boundary.js:74:9)
    at RedirectBoundary (webpack-internal:///(app-pages-browser)/./node_modules/next/dist/client/components/redirect-boundary.js:82:11)
    at NotFoundErrorBoundary (webpack-internal:///(app-pages-browser)/./node_modules/next/dist/client/components/not-found-boundary.js:76:9)
    at NotFoundBoundary (webpack-internal:///(app-pages-browser)/./node_modules/next/dist/client/components/not-found-boundary.js:84:11)
    at DevRootNotFoundBoundary (webpack-internal:///(app-pages-browser)/./node_modules/next/dist/client/components/dev-root-not-found-boundary.js:33:11)
    at ReactDevOverlay (webpack-internal:///(app-pages-browser)/./node_modules/next/dist/client/components/react-dev-overlay/app/ReactDevOverlay.js:87:9)
    at HotReload (webpack-internal:///(app-pages-browser)/./node_modules/next/dist/client/components/react-dev-overlay/app/hot-reloader-client.js:321:11)
    at Router (webpack-internal:///(app-pages-browser)/./node_modules/next/dist/client/components/app-router.js:207:11)
    at ErrorBoundaryHandler (webpack-internal:///(app-pages-browser)/./node_modules/next/dist/client/components/error-boundary.js:113:9)
    at ErrorBoundary (webpack-internal:///(app-pages-browser)/./node_modules/next/dist/client/components/error-boundary.js:160:11)
    at AppRouter (webpack-internal:///(app-pages-browser)/./node_modules/next/dist/client/components/app-router.js:585:13)
    at ServerRoot (webpack-internal:///(app-pages-browser)/./node_modules/next/dist/client/app-index.js:112:27)
    at Root (webpack-internal:///(app-pages-browser)/./node_modules/next/dist/client/app-index.js:117:11) @ webpack-internal:///(app-pages-browser)/./node_modules/next/dist/client/app-index.js:32
[     856ms] [WARNING] Please ensure that the container has a non-static position, like 'relative', 'fixed', or 'absolute' to ensure scroll offset is calculated correctly. @ webpack-internal:///(app-pages-browser)/./node_modules/motion-utils/dist/es/warn-once.mjs:15
[     899ms] [ERROR] Failed to load resource: the server responded with a status of 404 () @ https://grolin.shotlin.in/demo-catalog/categories/vegetables.svg:0
[     905ms] [ERROR] Failed to load resource: the server responded with a status of 404 () @ https://grolin.shotlin.in/demo-catalog/categories/fruits.svg:0
[     905ms] [ERROR] Failed to load resource: the server responded with a status of 404 () @ https://grolin.shotlin.in/demo-catalog/categories/dairy.svg:0
[     906ms] [ERROR] Failed to load resource: the server responded with a status of 404 () @ https://grolin.shotlin.in/demo-catalog/categories/snacks.svg:0
[     906ms] [ERROR] Failed to load resource: the server responded with a status of 404 () @ https://grolin.shotlin.in/demo-catalog/categories/pantry.svg:0
[     906ms] [ERROR] Failed to load resource: the server responded with a status of 404 () @ https://grolin.shotlin.in/demo-catalog/categories/bakery.svg:0
[     907ms] [ERROR] Failed to load resource: the server responded with a status of 404 () @ https://grolin.shotlin.in/demo-catalog/categories/care.svg:0
[     908ms] [ERROR] Failed to load resource: the server responded with a status of 404 () @ https://grolin.shotlin.in/demo-catalog/categories/baby.svg:0
[    1131ms] [ERROR] Failed to load resource: the server responded with a status of 404 () @ https://grolin.shotlin.in/demo-catalog/categories/beverages.svg:0
